e:\vs2010\c++\第八章\debug\vc141.pdb
e:\vs2010\c++\第八章\debug\vc141.idb
e:\vs2010\c++\第八章\debug\8-4.obj
e:\vs2010\c++\第八章\debug\8-6.obj
e:\vs2010\c++\第八章\debug\six.obj
e:\vs2010\c++\第八章\debug\student.obj
e:\vs2010\c++\debug\第八章.pdb
e:\vs2010\c++\第八章\debug\第八章.tlog\cl.command.1.tlog
e:\vs2010\c++\第八章\debug\第八章.tlog\cl.read.1.tlog
e:\vs2010\c++\第八章\debug\第八章.tlog\cl.write.1.tlog
e:\vs2010\c++\第八章\debug\第八章.tlog\link-cvtres.read.1.tlog
e:\vs2010\c++\第八章\debug\第八章.tlog\link-cvtres.write.1.tlog
e:\vs2010\c++\第八章\debug\第八章.tlog\link-rc.read.1.tlog
e:\vs2010\c++\第八章\debug\第八章.tlog\link-rc.write.1.tlog
e:\vs2010\c++\第八章\debug\第八章.tlog\link.2284-cvtres.read.1.tlog
e:\vs2010\c++\第八章\debug\第八章.tlog\link.2284-cvtres.write.1.tlog
e:\vs2010\c++\第八章\debug\第八章.tlog\link.2284-rc.read.1.tlog
e:\vs2010\c++\第八章\debug\第八章.tlog\link.2284-rc.write.1.tlog
e:\vs2010\c++\第八章\debug\第八章.tlog\link.2284.read.1.tlog
e:\vs2010\c++\第八章\debug\第八章.tlog\link.2284.write.1.tlog
e:\vs2010\c++\第八章\debug\第八章.tlog\link.command.1.tlog
e:\vs2010\c++\第八章\debug\第八章.tlog\link.read.1.tlog
e:\vs2010\c++\第八章\debug\第八章.tlog\link.write.1.tlog
