e:\vs2010\c++\第九章习题\debug\vc141.pdb
e:\vs2010\c++\第九章习题\debug\vc141.idb
e:\vs2010\c++\第九章习题\debug\9-10.obj
e:\vs2010\c++\第九章习题\debug\9-2.obj
e:\vs2010\c++\第九章习题\debug\9-3.obj
e:\vs2010\c++\第九章习题\debug\9-4.obj
e:\vs2010\c++\第九章习题\debug\9-5.obj
e:\vs2010\c++\第九章习题\debug\9-6.obj
e:\vs2010\c++\第九章习题\debug\9-7.obj
e:\vs2010\c++\第九章习题\debug\9-8.obj
e:\vs2010\c++\第九章习题\debug\9-9.obj
e:\vs2010\c++\第九章习题\debug\five1.obj
e:\vs2010\c++\第九章习题\debug\four.obj
e:\vs2010\c++\第九章习题\debug\nine1.obj
e:\vs2010\c++\第九章习题\debug\9-11.obj
e:\vs2010\c++\debug\第九章习题.ilk
e:\vs2010\c++\debug\第九章习题.exe
e:\vs2010\c++\debug\第九章习题.pdb
e:\vs2010\c++\第九章习题\debug\第九章习题.tlog\cl.command.1.tlog
e:\vs2010\c++\第九章习题\debug\第九章习题.tlog\cl.read.1.tlog
e:\vs2010\c++\第九章习题\debug\第九章习题.tlog\cl.write.1.tlog
e:\vs2010\c++\第九章习题\debug\第九章习题.tlog\link.command.1.tlog
e:\vs2010\c++\第九章习题\debug\第九章习题.tlog\link.read.1.tlog
e:\vs2010\c++\第九章习题\debug\第九章习题.tlog\link.write.1.tlog
