e:\vs2010\c++\第九章\debug\vc141.pdb
e:\vs2010\c++\第九章\debug\vc141.idb
e:\vs2010\c++\第九章\debug\9-14.obj
e:\vs2010\c++\第九章\debug\9-2.obj
e:\vs2010\c++\第九章\debug\9-6.obj
e:\vs2010\c++\第九章\debug\9-7.obj
e:\vs2010\c++\第九章\debug\9-8.obj
e:\vs2010\c++\第九章\debug\9-9.obj
e:\vs2010\c++\第九章\debug\9-test1.obj
e:\vs2010\c++\第九章\debug\9.5.obj
e:\vs2010\c++\第九章\debug\eleven.obj
e:\vs2010\c++\第九章\debug\five.obj
e:\vs2010\c++\第九章\debug\fourteen.obj
e:\vs2010\c++\第九章\debug\nine.obj
e:\vs2010\c++\第九章\debug\one.obj
e:\vs2010\c++\第九章\debug\seven.obj
e:\vs2010\c++\第九章\debug\six.obj
e:\vs2010\c++\第九章\debug\test1.obj
e:\vs2010\c++\第九章\debug\thirteen.obj
e:\vs2010\c++\第九章\debug\three.obj
e:\vs2010\c++\第九章\debug\twelve.obj
e:\vs2010\c++\第九章\debug\two.obj
e:\vs2010\c++\第九章\debug\9-1.obj
e:\vs2010\c++\第九章\debug\9-11.obj
e:\vs2010\c++\第九章\debug\9-12.obj
e:\vs2010\c++\第九章\debug\9-13.obj
e:\vs2010\c++\第九章\debug\第九章.res
e:\vs2010\c++\debug\第九章.pdb
e:\vs2010\c++\第九章\debug\第九章.tlog\cl.command.1.tlog
e:\vs2010\c++\第九章\debug\第九章.tlog\cl.read.1.tlog
e:\vs2010\c++\第九章\debug\第九章.tlog\cl.write.1.tlog
e:\vs2010\c++\第九章\debug\第九章.tlog\link-cvtres.read.1.tlog
e:\vs2010\c++\第九章\debug\第九章.tlog\link-cvtres.write.1.tlog
e:\vs2010\c++\第九章\debug\第九章.tlog\link-rc.read.1.tlog
e:\vs2010\c++\第九章\debug\第九章.tlog\link-rc.write.1.tlog
e:\vs2010\c++\第九章\debug\第九章.tlog\link.command.1.tlog
e:\vs2010\c++\第九章\debug\第九章.tlog\link.read.1.tlog
e:\vs2010\c++\第九章\debug\第九章.tlog\link.write.1.tlog
e:\vs2010\c++\第九章\debug\第九章.tlog\rc.command.1.tlog
e:\vs2010\c++\第九章\debug\第九章.tlog\rc.read.1.tlog
e:\vs2010\c++\第九章\debug\第九章.tlog\rc.write.1.tlog
