e:\vs2010\c++\第十二章\debug\vc141.pdb
e:\vs2010\c++\第十二章\debug\vc141.idb
e:\vs2010\c++\第十二章\debug\12-1.obj
e:\vs2010\c++\第十二章\debug\12-2.obj
e:\vs2010\c++\第十二章\debug\11-3.obj
e:\vs2010\c++\debug\第十二章.ilk
e:\vs2010\c++\debug\第十二章.exe
e:\vs2010\c++\debug\第十二章.pdb
e:\vs2010\c++\第十二章\debug\第十二章.tlog\cl.command.1.tlog
e:\vs2010\c++\第十二章\debug\第十二章.tlog\cl.read.1.tlog
e:\vs2010\c++\第十二章\debug\第十二章.tlog\cl.write.1.tlog
e:\vs2010\c++\第十二章\debug\第十二章.tlog\link.10660-cvtres.read.1.tlog
e:\vs2010\c++\第十二章\debug\第十二章.tlog\link.10660-cvtres.write.1.tlog
e:\vs2010\c++\第十二章\debug\第十二章.tlog\link.10660-rc.read.1.tlog
e:\vs2010\c++\第十二章\debug\第十二章.tlog\link.10660-rc.write.1.tlog
e:\vs2010\c++\第十二章\debug\第十二章.tlog\link.10660.read.1.tlog
e:\vs2010\c++\第十二章\debug\第十二章.tlog\link.10660.write.1.tlog
e:\vs2010\c++\第十二章\debug\第十二章.tlog\link.command.1.tlog
e:\vs2010\c++\第十二章\debug\第十二章.tlog\link.read.1.tlog
e:\vs2010\c++\第十二章\debug\第十二章.tlog\link.write.1.tlog
