e:\vs2010\c++\第十章\debug\vc141.pdb
e:\vs2010\c++\第十章\debug\vc141.idb
e:\vs2010\c++\第十章\debug\10-1.obj
e:\vs2010\c++\第十章\debug\10-2.obj
e:\vs2010\c++\第十章\debug\10-3.obj
e:\vs2010\c++\第十章\debug\10-4.obj
e:\vs2010\c++\第十章\debug\10-5.obj
e:\vs2010\c++\第十章\debug\10-6.obj
e:\vs2010\c++\第十章\debug\10-7.obj
e:\vs2010\c++\第十章\debug\10-8.obj
e:\vs2010\c++\第十章\debug\10-9.obj
e:\vs2010\c++\第十章\debug\10-000.obj
e:\vs2010\c++\debug\第十章.ilk
e:\vs2010\c++\debug\第十章.exe
e:\vs2010\c++\debug\第十章.pdb
e:\vs2010\c++\第十章\debug\第十章.tlog\cl.command.1.tlog
e:\vs2010\c++\第十章\debug\第十章.tlog\cl.read.1.tlog
e:\vs2010\c++\第十章\debug\第十章.tlog\cl.write.1.tlog
e:\vs2010\c++\第十章\debug\第十章.tlog\link.command.1.tlog
e:\vs2010\c++\第十章\debug\第十章.tlog\link.read.1.tlog
e:\vs2010\c++\第十章\debug\第十章.tlog\link.write.1.tlog
