e:\vs2010\c++\第十三章\debug\vc141.pdb
e:\vs2010\c++\第十三章\debug\vc141.idb
e:\vs2010\c++\第十三章\debug\13-1.obj
e:\vs2010\c++\第十三章\debug\13-10.obj
e:\vs2010\c++\第十三章\debug\13-13.obj
e:\vs2010\c++\第十三章\debug\13-2.obj
e:\vs2010\c++\第十三章\debug\13-3.obj
e:\vs2010\c++\第十三章\debug\13-4.obj
e:\vs2010\c++\第十三章\debug\13-5.obj
e:\vs2010\c++\第十三章\debug\13-6.obj
e:\vs2010\c++\第十三章\debug\13-7.obj
e:\vs2010\c++\第十三章\debug\13-8.obj
e:\vs2010\c++\第十三章\debug\13-9.obj
e:\vs2010\c++\第十三章\debug\13-15.obj
e:\vs2010\c++\debug\第十三章.ilk
e:\vs2010\c++\debug\第十三章.exe
e:\vs2010\c++\debug\第十三章.pdb
e:\vs2010\c++\第十三章\debug\第十三章.tlog\cl.command.1.tlog
e:\vs2010\c++\第十三章\debug\第十三章.tlog\cl.read.1.tlog
e:\vs2010\c++\第十三章\debug\第十三章.tlog\cl.write.1.tlog
e:\vs2010\c++\第十三章\debug\第十三章.tlog\link.command.1.tlog
e:\vs2010\c++\第十三章\debug\第十三章.tlog\link.read.1.tlog
e:\vs2010\c++\第十三章\debug\第十三章.tlog\link.write.1.tlog
